2017-10-01 12:42:32 [com.javen.weixin.controller.WeixinMsgController]-[ERROR] [main] (APPConfig.java:166) ->jdbc:mysql://127.0.0.1/weixin_guide?characterEncoding=utf8&zeroDateTimeBehavior=convertToNull root root 
2017-10-01 12:42:33 [com.alibaba.druid.pool.DruidDataSource]-[INFO] [main] (DruidDataSource.java:715) ->{dataSource-1} inited 
2017-10-01 12:42:33 [SchedulerPlugin]-[INFO] [main] (SchedulerPlugin.java:213) ->--------load job: testJob successfully-------- 
2017-10-01 12:42:33 [SchedulerPlugin]-[INFO] [main] (SchedulerPlugin.java:214) ->class: com.javen.scheduler.task.StockTask 
2017-10-01 12:42:33 [SchedulerPlugin]-[INFO] [main] (SchedulerPlugin.java:215) ->type : cron 
2017-10-01 12:42:33 [SchedulerPlugin]-[INFO] [main] (SchedulerPlugin.java:216) ->expr : 59 23 * * * 
2017-10-01 12:42:33 [SchedulerPlugin]-[INFO] [main] (SchedulerPlugin.java:217) ->---------------- 
2017-10-01 12:42:33 [SchedulerPlugin]-[INFO] [main] (SchedulerPlugin.java:155) ->SchedulerPlugin is started 
2017-10-01 12:44:28 [SchedulerPlugin]-[INFO] [PathWatcher-Thread[D:\IDEA\weixin_guide (+28)]] (SchedulerPlugin.java:163) ->SchedulerPlugin is stopped 
2017-10-01 12:44:28 [com.alibaba.druid.pool.DruidDataSource]-[INFO] [PathWatcher-Thread[D:\IDEA\weixin_guide (+28)]] (DruidDataSource.java:1444) ->{dataSource-1} closed 
2017-10-01 13:09:26 [com.javen.weixin.controller.WeixinMsgController]-[ERROR] [main] (APPConfig.java:164) ->jdbc:mysql://127.0.0.1/weixin_guide?characterEncoding=utf8&zeroDateTimeBehavior=convertToNull root root 
2017-10-01 13:13:19 [com.javen.weixin.controller.WeixinMsgController]-[ERROR] [main] (APPConfig.java:164) ->jdbc:mysql://127.0.0.1/weixin_guide?characterEncoding=utf8&zeroDateTimeBehavior=convertToNull root root 
2017-10-01 13:14:19 [com.javen.weixin.controller.WeixinMsgController]-[ERROR] [main] (APPConfig.java:164) ->jdbc:mysql://127.0.0.1/weixin_guide?characterEncoding=utf8&zeroDateTimeBehavior=convertToNull root root 
2017-10-01 13:17:08 [com.javen.weixin.controller.WeixinMsgController]-[ERROR] [main] (APPConfig.java:164) ->jdbc:mysql://127.0.0.1/weixin_guide?characterEncoding=utf8&zeroDateTimeBehavior=convertToNull root root 
2017-10-01 13:20:37 [com.javen.weixin.controller.WeixinMsgController]-[ERROR] [main] (APPConfig.java:164) ->jdbc:mysql://localhost:3306/weixin_guide?useUnicode=true&characterEncoding=utf-8 root root 
2017-10-01 13:24:19 [com.javen.weixin.controller.WeixinMsgController]-[ERROR] [main] (APPConfig.java:164) ->jdbc:mysql://localhost:3306/weixin_guide?useUnicode=true&characterEncoding=utf-8 root root 
2017-10-01 13:24:20 [com.alibaba.druid.pool.DruidDataSource]-[INFO] [main] (DruidDataSource.java:715) ->{dataSource-1} inited 
2017-10-01 13:24:20 [SchedulerPlugin]-[INFO] [main] (SchedulerPlugin.java:213) ->--------load job: testJob successfully-------- 
2017-10-01 13:24:20 [SchedulerPlugin]-[INFO] [main] (SchedulerPlugin.java:214) ->class: com.javen.scheduler.task.StockTask 
2017-10-01 13:24:20 [SchedulerPlugin]-[INFO] [main] (SchedulerPlugin.java:215) ->type : cron 
2017-10-01 13:24:20 [SchedulerPlugin]-[INFO] [main] (SchedulerPlugin.java:216) ->expr : 59 23 * * * 
2017-10-01 13:24:20 [SchedulerPlugin]-[INFO] [main] (SchedulerPlugin.java:217) ->---------------- 
2017-10-01 13:24:20 [SchedulerPlugin]-[INFO] [main] (SchedulerPlugin.java:155) ->SchedulerPlugin is started 
2017-10-01 13:26:53 [SchedulerPlugin]-[INFO] [PathWatcher-Thread[D:\IDEA\weixin_guide (+28)]] (SchedulerPlugin.java:163) ->SchedulerPlugin is stopped 
2017-10-01 13:26:53 [com.alibaba.druid.pool.DruidDataSource]-[INFO] [PathWatcher-Thread[D:\IDEA\weixin_guide (+28)]] (DruidDataSource.java:1444) ->{dataSource-1} closed 
2017-10-01 13:26:56 [com.javen.weixin.controller.WeixinMsgController]-[ERROR] [PathWatcher-Thread[D:\IDEA\weixin_guide (+28)]] (APPConfig.java:164) ->jdbc:mysql://localhost:3306/weixin_guide?useUnicode=true&characterEncoding=utf-8 root root 
2017-10-01 13:26:58 [com.alibaba.druid.pool.DruidDataSource]-[INFO] [PathWatcher-Thread[D:\IDEA\weixin_guide (+28)]] (DruidDataSource.java:715) ->{dataSource-1} inited 
2017-10-01 13:26:58 [SchedulerPlugin]-[INFO] [PathWatcher-Thread[D:\IDEA\weixin_guide (+28)]] (SchedulerPlugin.java:213) ->--------load job: testJob successfully-------- 
2017-10-01 13:26:58 [SchedulerPlugin]-[INFO] [PathWatcher-Thread[D:\IDEA\weixin_guide (+28)]] (SchedulerPlugin.java:214) ->class: com.javen.scheduler.task.StockTask 
2017-10-01 13:26:58 [SchedulerPlugin]-[INFO] [PathWatcher-Thread[D:\IDEA\weixin_guide (+28)]] (SchedulerPlugin.java:215) ->type : cron 
2017-10-01 13:26:58 [SchedulerPlugin]-[INFO] [PathWatcher-Thread[D:\IDEA\weixin_guide (+28)]] (SchedulerPlugin.java:216) ->expr : 59 23 * * * 
2017-10-01 13:26:58 [SchedulerPlugin]-[INFO] [PathWatcher-Thread[D:\IDEA\weixin_guide (+28)]] (SchedulerPlugin.java:217) ->---------------- 
2017-10-01 13:26:58 [SchedulerPlugin]-[INFO] [PathWatcher-Thread[D:\IDEA\weixin_guide (+28)]] (SchedulerPlugin.java:155) ->SchedulerPlugin is started 
2017-10-01 13:27:04 [com.javen.weixin.controller.WeixinMsgController]-[ERROR] [main] (APPConfig.java:164) ->jdbc:mysql://localhost:3306/weixin_guide?useUnicode=true&characterEncoding=utf-8 root root 
2017-10-01 13:27:19 [com.javen.weixin.controller.WeixinMsgController]-[ERROR] [main] (APPConfig.java:164) ->jdbc:mysql://localhost:3306/weixin_guide?useUnicode=true&characterEncoding=utf-8 root root 
2017-10-01 13:27:20 [com.alibaba.druid.pool.DruidDataSource]-[INFO] [main] (DruidDataSource.java:715) ->{dataSource-1} inited 
2017-10-01 13:27:20 [SchedulerPlugin]-[INFO] [main] (SchedulerPlugin.java:213) ->--------load job: testJob successfully-------- 
2017-10-01 13:27:20 [SchedulerPlugin]-[INFO] [main] (SchedulerPlugin.java:214) ->class: com.javen.scheduler.task.StockTask 
2017-10-01 13:27:20 [SchedulerPlugin]-[INFO] [main] (SchedulerPlugin.java:215) ->type : cron 
2017-10-01 13:27:20 [SchedulerPlugin]-[INFO] [main] (SchedulerPlugin.java:216) ->expr : 59 23 * * * 
2017-10-01 13:27:20 [SchedulerPlugin]-[INFO] [main] (SchedulerPlugin.java:217) ->---------------- 
2017-10-01 13:27:20 [SchedulerPlugin]-[INFO] [main] (SchedulerPlugin.java:155) ->SchedulerPlugin is started 
2017-10-01 13:29:03 [com.javen.weixin.controller.WeixinMsgController]-[ERROR] [main] (APPConfig.java:164) ->jdbc:mysql://localhost:3306/weixin_guide?useUnicode=true&characterEncoding=utf-8 root root 
2017-10-01 13:29:04 [com.alibaba.druid.pool.DruidDataSource]-[INFO] [main] (DruidDataSource.java:715) ->{dataSource-1} inited 
2017-10-01 13:29:04 [SchedulerPlugin]-[INFO] [main] (SchedulerPlugin.java:213) ->--------load job: testJob successfully-------- 
2017-10-01 13:29:04 [SchedulerPlugin]-[INFO] [main] (SchedulerPlugin.java:214) ->class: com.javen.scheduler.task.StockTask 
2017-10-01 13:29:04 [SchedulerPlugin]-[INFO] [main] (SchedulerPlugin.java:215) ->type : cron 
2017-10-01 13:29:04 [SchedulerPlugin]-[INFO] [main] (SchedulerPlugin.java:216) ->expr : 59 23 * * * 
2017-10-01 13:29:04 [SchedulerPlugin]-[INFO] [main] (SchedulerPlugin.java:217) ->---------------- 
2017-10-01 13:29:04 [SchedulerPlugin]-[INFO] [main] (SchedulerPlugin.java:155) ->SchedulerPlugin is started 
2017-10-01 13:30:47 [SchedulerPlugin]-[INFO] [PathWatcher-Thread[D:\IDEA\weixin_guide (+28)]] (SchedulerPlugin.java:163) ->SchedulerPlugin is stopped 
2017-10-01 13:30:47 [com.alibaba.druid.pool.DruidDataSource]-[INFO] [PathWatcher-Thread[D:\IDEA\weixin_guide (+28)]] (DruidDataSource.java:1444) ->{dataSource-1} closed 
2017-10-01 13:30:51 [com.javen.weixin.controller.WeixinMsgController]-[ERROR] [main] (APPConfig.java:164) ->jdbc:mysql://localhost:3306/weixin_guide?useUnicode=true&characterEncoding=utf-8 root root 
2017-10-01 13:30:51 [com.javen.weixin.controller.WeixinMsgController]-[ERROR] [PathWatcher-Thread[D:\IDEA\weixin_guide (+28)]] (APPConfig.java:164) ->jdbc:mysql://localhost:3306/weixin_guide?useUnicode=true&characterEncoding=utf-8 root root 
2017-10-01 13:30:53 [com.alibaba.druid.pool.DruidDataSource]-[INFO] [PathWatcher-Thread[D:\IDEA\weixin_guide (+28)]] (DruidDataSource.java:715) ->{dataSource-1} inited 
2017-10-01 13:30:53 [com.alibaba.druid.pool.DruidDataSource]-[INFO] [main] (DruidDataSource.java:715) ->{dataSource-1} inited 
2017-10-01 13:30:53 [SchedulerPlugin]-[INFO] [PathWatcher-Thread[D:\IDEA\weixin_guide (+28)]] (SchedulerPlugin.java:213) ->--------load job: testJob successfully-------- 
2017-10-01 13:30:53 [SchedulerPlugin]-[INFO] [PathWatcher-Thread[D:\IDEA\weixin_guide (+28)]] (SchedulerPlugin.java:214) ->class: com.javen.scheduler.task.StockTask 
2017-10-01 13:30:53 [SchedulerPlugin]-[INFO] [PathWatcher-Thread[D:\IDEA\weixin_guide (+28)]] (SchedulerPlugin.java:215) ->type : cron 
2017-10-01 13:30:53 [SchedulerPlugin]-[INFO] [PathWatcher-Thread[D:\IDEA\weixin_guide (+28)]] (SchedulerPlugin.java:216) ->expr : 59 23 * * * 
2017-10-01 13:30:53 [SchedulerPlugin]-[INFO] [PathWatcher-Thread[D:\IDEA\weixin_guide (+28)]] (SchedulerPlugin.java:217) ->---------------- 
2017-10-01 13:30:53 [SchedulerPlugin]-[INFO] [PathWatcher-Thread[D:\IDEA\weixin_guide (+28)]] (SchedulerPlugin.java:155) ->SchedulerPlugin is started 
2017-10-01 13:30:54 [SchedulerPlugin]-[INFO] [main] (SchedulerPlugin.java:213) ->--------load job: testJob successfully-------- 
2017-10-01 13:30:54 [SchedulerPlugin]-[INFO] [main] (SchedulerPlugin.java:214) ->class: com.javen.scheduler.task.StockTask 
2017-10-01 13:30:54 [SchedulerPlugin]-[INFO] [main] (SchedulerPlugin.java:215) ->type : cron 
2017-10-01 13:30:54 [SchedulerPlugin]-[INFO] [main] (SchedulerPlugin.java:216) ->expr : 59 23 * * * 
2017-10-01 13:30:54 [SchedulerPlugin]-[INFO] [main] (SchedulerPlugin.java:217) ->---------------- 
2017-10-01 13:30:54 [SchedulerPlugin]-[INFO] [main] (SchedulerPlugin.java:155) ->SchedulerPlugin is started 
2017-10-01 13:31:32 [com.jfinal.core.ActionHandler]-[WARN] [qtp2012232625-27] (ActionHandler.java:62) ->404 Action Not Found: /NETCTOSS_SSH/ 
2017-10-01 13:31:36 [com.jfinal.core.ActionHandler]-[ERROR] [qtp2012232625-24] (ActionHandler.java:135) ->/ 
java.lang.RuntimeException: java.lang.reflect.InvocationTargetException
	at com.jfinal.aop.Invocation.invoke(Invocation.java:87)
	at com.jfinal.core.ActionHandler.handle(ActionHandler.java:74)
	at com.jfinal.plugin.druid.DruidStatViewHandler.handle(DruidStatViewHandler.java:75)
	at com.jfinal.core.JFinalFilter.doFilter(JFinalFilter.java:73)
	at org.eclipse.jetty.servlet.ServletHandler$CachedChain.doFilter(ServletHandler.java:1307)
	at org.eclipse.jetty.servlet.ServletHandler.doHandle(ServletHandler.java:453)
	at org.eclipse.jetty.server.handler.ScopedHandler.handle(ScopedHandler.java:137)
	at org.eclipse.jetty.security.SecurityHandler.handle(SecurityHandler.java:560)
	at org.eclipse.jetty.server.session.SessionHandler.doHandle(SessionHandler.java:231)
	at org.eclipse.jetty.server.handler.ContextHandler.doHandle(ContextHandler.java:1072)
	at org.eclipse.jetty.servlet.ServletHandler.doScope(ServletHandler.java:382)
	at org.eclipse.jetty.server.session.SessionHandler.doScope(SessionHandler.java:193)
	at org.eclipse.jetty.server.handler.ContextHandler.doScope(ContextHandler.java:1006)
	at org.eclipse.jetty.server.handler.ScopedHandler.handle(ScopedHandler.java:135)
	at org.eclipse.jetty.server.handler.HandlerWrapper.handle(HandlerWrapper.java:116)
	at org.eclipse.jetty.server.Server.handle(Server.java:365)
	at org.eclipse.jetty.server.AbstractHttpConnection.handleRequest(AbstractHttpConnection.java:485)
	at org.eclipse.jetty.server.AbstractHttpConnection.headerComplete(AbstractHttpConnection.java:926)
	at org.eclipse.jetty.server.AbstractHttpConnection$RequestHandler.headerComplete(AbstractHttpConnection.java:988)
	at org.eclipse.jetty.http.HttpParser.parseNext(HttpParser.java:635)
	at org.eclipse.jetty.http.HttpParser.parseAvailable(HttpParser.java:235)
	at org.eclipse.jetty.server.AsyncHttpConnection.handle(AsyncHttpConnection.java:82)
	at org.eclipse.jetty.io.nio.SelectChannelEndPoint.handle(SelectChannelEndPoint.java:628)
	at org.eclipse.jetty.io.nio.SelectChannelEndPoint$1.run(SelectChannelEndPoint.java:52)
	at org.eclipse.jetty.util.thread.QueuedThreadPool.runJob(QueuedThreadPool.java:608)
	at org.eclipse.jetty.util.thread.QueuedThreadPool$3.run(QueuedThreadPool.java:543)
	at java.lang.Thread.run(Thread.java:748)
Caused by: java.lang.reflect.InvocationTargetException
	at sun.reflect.NativeMethodAccessorImpl.invoke0(Native Method)
	at sun.reflect.NativeMethodAccessorImpl.invoke(NativeMethodAccessorImpl.java:62)
	at sun.reflect.DelegatingMethodAccessorImpl.invoke(DelegatingMethodAccessorImpl.java:43)
	at java.lang.reflect.Method.invoke(Method.java:498)
	at com.jfinal.aop.Invocation.invoke(Invocation.java:73)
	... 26 more
Caused by: java.lang.NoClassDefFoundError: javax/el/ELResolver
	at java.lang.ClassLoader.defineClass1(Native Method)
	at java.lang.ClassLoader.defineClass(ClassLoader.java:763)
	at java.security.SecureClassLoader.defineClass(SecureClassLoader.java:142)
	at java.net.URLClassLoader.defineClass(URLClassLoader.java:467)
	at java.net.URLClassLoader.access$100(URLClassLoader.java:73)
	at java.net.URLClassLoader$1.run(URLClassLoader.java:368)
	at java.net.URLClassLoader$1.run(URLClassLoader.java:362)
	at java.security.AccessController.doPrivileged(Native Method)
	at java.net.URLClassLoader.findClass(URLClassLoader.java:361)
	at java.lang.ClassLoader.loadClass(ClassLoader.java:424)
	at sun.misc.Launcher$AppClassLoader.loadClass(Launcher.java:335)
	at java.lang.ClassLoader.loadClass(ClassLoader.java:357)
	at com.jfinal.render.JspRender.<clinit>(JspRender.java:41)
	at com.jfinal.render.RenderFactory$JspRenderFactory.getRender(RenderFactory.java:205)
	at com.jfinal.render.RenderFactory.getRender(RenderFactory.java:67)
	at com.jfinal.core.Controller.render(Controller.java:974)
	at com.javen.controller.IndexController.index(IndexController.java:47)
	... 31 more
Caused by: java.lang.ClassNotFoundException: javax.el.ELResolver
	at java.net.URLClassLoader.findClass(URLClassLoader.java:381)
	at java.lang.ClassLoader.loadClass(ClassLoader.java:424)
	at sun.misc.Launcher$AppClassLoader.loadClass(Launcher.java:335)
	at java.lang.ClassLoader.loadClass(ClassLoader.java:357)
	... 48 more
2017-10-01 13:37:03 [com.javen.weixin.controller.WeixinMsgController]-[ERROR] [main] (APPConfig.java:164) ->jdbc:mysql://localhost:3306/weixin_guide?useUnicode=true&characterEncoding=utf-8 root root 
2017-10-01 13:37:04 [com.alibaba.druid.pool.DruidDataSource]-[INFO] [main] (DruidDataSource.java:715) ->{dataSource-1} inited 
2017-10-01 13:37:04 [SchedulerPlugin]-[INFO] [main] (SchedulerPlugin.java:213) ->--------load job: testJob successfully-------- 
2017-10-01 13:37:04 [SchedulerPlugin]-[INFO] [main] (SchedulerPlugin.java:214) ->class: com.javen.scheduler.task.StockTask 
2017-10-01 13:37:04 [SchedulerPlugin]-[INFO] [main] (SchedulerPlugin.java:215) ->type : cron 
2017-10-01 13:37:04 [SchedulerPlugin]-[INFO] [main] (SchedulerPlugin.java:216) ->expr : 59 23 * * * 
2017-10-01 13:37:04 [SchedulerPlugin]-[INFO] [main] (SchedulerPlugin.java:217) ->---------------- 
2017-10-01 13:37:04 [SchedulerPlugin]-[INFO] [main] (SchedulerPlugin.java:155) ->SchedulerPlugin is started 
2017-10-01 14:13:24 [com.jfinal.core.ActionHandler]-[WARN] [qtp602830277-19] (ActionHandler.java:62) ->404 Action Not Found: /alipay/appPay 
2017-10-01 14:19:13 [com.javen.controller.ConstellationController]-[ERROR] [qtp602830277-18] (ConstellationController.java:29) ->parameter:consName>>白羊座  consType>>>today 
2017-10-01 14:19:13 [com.javen.controller.ConstellationController]-[ERROR] [qtp602830277-18] (ConstellationController.java:30) ->Response result:Constellation [code=10001, reason=KEY ERROR!, date=null, weekDate=null, name=null, all=null, color=null, health=null, love=null, money=null, number=null, QFriend=null, summary=null, work=null, job=null, career=null, finance=null, weekHealth=null, weekJob=null, weekLove=null, weekFinance=null, weekWork=null, yearHealth=null, yearLove=null, yearFinance=null, luckyStone=null, info=null, text=null] 
2017-10-01 14:20:15 [com.javen.controller.ConstellationController]-[ERROR] [qtp602830277-19] (ConstellationController.java:29) ->parameter:consName>>白羊座  consType>>>today 
2017-10-01 14:20:15 [com.javen.controller.ConstellationController]-[ERROR] [qtp602830277-19] (ConstellationController.java:30) ->Response result:Constellation [code=10001, reason=KEY ERROR!, date=null, weekDate=null, name=null, all=null, color=null, health=null, love=null, money=null, number=null, QFriend=null, summary=null, work=null, job=null, career=null, finance=null, weekHealth=null, weekJob=null, weekLove=null, weekFinance=null, weekWork=null, yearHealth=null, yearLove=null, yearFinance=null, luckyStone=null, info=null, text=null] 
2017-10-01 14:21:38 [com.jfinal.core.ActionHandler]-[WARN] [qtp602830277-14] (ActionHandler.java:62) ->404 Action Not Found: /alipay/pay_notify 
2017-10-01 14:23:56 [com.jfinal.core.ActionHandler]-[WARN] [qtp602830277-15] (ActionHandler.java:62) ->404 Action Not Found: //pay/pay_notify 
2017-10-01 14:24:06 [com.javen.weixin.controller.WeixinApiController]-[ERROR] [qtp602830277-21] (WeixinPayController.java:154) ->支付通知参数： 
2017-10-01 14:24:06 [com.jfinal.core.ActionHandler]-[ERROR] [qtp602830277-21] (ActionHandler.java:135) ->/pay/pay_notify 
java.lang.RuntimeException: org.xml.sax.SAXParseException; lineNumber: 1; columnNumber: 1; 文件提前结束。
	at com.jfinal.weixin.sdk.utils.XmlHelper.create(XmlHelper.java:48)
	at com.jfinal.weixin.sdk.utils.XmlHelper.of(XmlHelper.java:62)
	at com.jfinal.weixin.sdk.kit.PaymentKit.xmlToMap(PaymentKit.java:114)
	at com.javen.weixin.controller.WeixinPayController.pay_notify(WeixinPayController.java:159)
	at sun.reflect.NativeMethodAccessorImpl.invoke0(Native Method)
	at sun.reflect.NativeMethodAccessorImpl.invoke(NativeMethodAccessorImpl.java:62)
	at sun.reflect.DelegatingMethodAccessorImpl.invoke(DelegatingMethodAccessorImpl.java:43)
	at java.lang.reflect.Method.invoke(Method.java:498)
	at com.jfinal.aop.Invocation.invoke(Invocation.java:73)
	at com.jfinal.weixin.sdk.jfinal.ApiInterceptor.intercept(ApiInterceptor.java:28)
	at com.jfinal.aop.Invocation.invoke(Invocation.java:67)
	at com.jfinal.core.ActionHandler.handle(ActionHandler.java:74)
	at com.jfinal.plugin.druid.DruidStatViewHandler.handle(DruidStatViewHandler.java:75)
	at com.jfinal.core.JFinalFilter.doFilter(JFinalFilter.java:73)
	at org.eclipse.jetty.servlet.ServletHandler$CachedChain.doFilter(ServletHandler.java:1676)
	at org.eclipse.jetty.servlet.ServletHandler.doHandle(ServletHandler.java:581)
	at org.eclipse.jetty.server.handler.ScopedHandler.handle(ScopedHandler.java:143)
	at org.eclipse.jetty.security.SecurityHandler.handle(SecurityHandler.java:548)
	at org.eclipse.jetty.server.session.SessionHandler.doHandle(SessionHandler.java:226)
	at org.eclipse.jetty.server.handler.ContextHandler.doHandle(ContextHandler.java:1180)
	at org.eclipse.jetty.servlet.ServletHandler.doScope(ServletHandler.java:511)
	at org.eclipse.jetty.server.session.SessionHandler.doScope(SessionHandler.java:185)
	at org.eclipse.jetty.server.handler.ContextHandler.doScope(ContextHandler.java:1112)
	at org.eclipse.jetty.server.handler.ScopedHandler.handle(ScopedHandler.java:141)
	at org.eclipse.jetty.server.handler.ContextHandlerCollection.handle(ContextHandlerCollection.java:213)
	at org.eclipse.jetty.server.handler.HandlerCollection.handle(HandlerCollection.java:119)
	at org.eclipse.jetty.server.handler.HandlerWrapper.handle(HandlerWrapper.java:134)
	at org.eclipse.jetty.server.Server.handle(Server.java:524)
	at org.eclipse.jetty.server.HttpChannel.handle(HttpChannel.java:319)
	at org.eclipse.jetty.server.HttpConnection.onFillable(HttpConnection.java:253)
	at org.eclipse.jetty.io.AbstractConnection$ReadCallback.succeeded(AbstractConnection.java:273)
	at org.eclipse.jetty.io.FillInterest.fillable(FillInterest.java:95)
	at org.eclipse.jetty.io.SelectChannelEndPoint$2.run(SelectChannelEndPoint.java:93)
	at org.eclipse.jetty.util.thread.strategy.ExecuteProduceConsume.executeProduceConsume(ExecuteProduceConsume.java:303)
	at org.eclipse.jetty.util.thread.strategy.ExecuteProduceConsume.produceConsume(ExecuteProduceConsume.java:148)
	at org.eclipse.jetty.util.thread.strategy.ExecuteProduceConsume.run(ExecuteProduceConsume.java:136)
	at org.eclipse.jetty.util.thread.QueuedThreadPool.runJob(QueuedThreadPool.java:671)
	at org.eclipse.jetty.util.thread.QueuedThreadPool$2.run(QueuedThreadPool.java:589)
	at java.lang.Thread.run(Thread.java:748)
Caused by: org.xml.sax.SAXParseException; lineNumber: 1; columnNumber: 1; 文件提前结束。
	at com.sun.org.apache.xerces.internal.parsers.DOMParser.parse(DOMParser.java:257)
	at com.sun.org.apache.xerces.internal.jaxp.DocumentBuilderImpl.parse(DocumentBuilderImpl.java:339)
	at com.jfinal.weixin.sdk.utils.XmlHelper.<init>(XmlHelper.java:38)
	at com.jfinal.weixin.sdk.utils.XmlHelper.create(XmlHelper.java:44)
	... 38 more
2017-10-01 14:34:56 [com.javen.controller.ConstellationController]-[ERROR] [qtp602830277-19] (ConstellationController.java:29) ->parameter:consName>>水瓶座  consType>>>today 
2017-10-01 14:34:56 [com.javen.controller.ConstellationController]-[ERROR] [qtp602830277-19] (ConstellationController.java:30) ->Response result:Constellation [code=10001, reason=KEY ERROR!, date=null, weekDate=null, name=null, all=null, color=null, health=null, love=null, money=null, number=null, QFriend=null, summary=null, work=null, job=null, career=null, finance=null, weekHealth=null, weekJob=null, weekLove=null, weekFinance=null, weekWork=null, yearHealth=null, yearLove=null, yearFinance=null, luckyStone=null, info=null, text=null] 
2017-10-01 14:37:16 [SchedulerPlugin]-[INFO] [PathWatcher-Thread[D:\IDEA\weixin_guide (+28)]] (SchedulerPlugin.java:163) ->SchedulerPlugin is stopped 
2017-10-01 14:37:16 [com.alibaba.druid.pool.DruidDataSource]-[INFO] [PathWatcher-Thread[D:\IDEA\weixin_guide (+28)]] (DruidDataSource.java:1444) ->{dataSource-1} closed 
2017-10-01 14:37:19 [com.javen.weixin.controller.WeixinMsgController]-[ERROR] [PathWatcher-Thread[D:\IDEA\weixin_guide (+28)]] (APPConfig.java:164) ->jdbc:mysql://localhost:3306/weixin_guide?useUnicode=true&characterEncoding=utf-8 root root 
2017-10-01 14:37:19 [com.alibaba.druid.pool.DruidDataSource]-[INFO] [PathWatcher-Thread[D:\IDEA\weixin_guide (+28)]] (DruidDataSource.java:715) ->{dataSource-1} inited 
2017-10-01 14:37:20 [SchedulerPlugin]-[INFO] [PathWatcher-Thread[D:\IDEA\weixin_guide (+28)]] (SchedulerPlugin.java:213) ->--------load job: testJob successfully-------- 
2017-10-01 14:37:20 [SchedulerPlugin]-[INFO] [PathWatcher-Thread[D:\IDEA\weixin_guide (+28)]] (SchedulerPlugin.java:214) ->class: com.javen.scheduler.task.StockTask 
2017-10-01 14:37:20 [SchedulerPlugin]-[INFO] [PathWatcher-Thread[D:\IDEA\weixin_guide (+28)]] (SchedulerPlugin.java:215) ->type : cron 
2017-10-01 14:37:20 [SchedulerPlugin]-[INFO] [PathWatcher-Thread[D:\IDEA\weixin_guide (+28)]] (SchedulerPlugin.java:216) ->expr : 59 23 * * * 
2017-10-01 14:37:20 [SchedulerPlugin]-[INFO] [PathWatcher-Thread[D:\IDEA\weixin_guide (+28)]] (SchedulerPlugin.java:217) ->---------------- 
2017-10-01 14:37:20 [SchedulerPlugin]-[INFO] [PathWatcher-Thread[D:\IDEA\weixin_guide (+28)]] (SchedulerPlugin.java:155) ->SchedulerPlugin is started 
2017-10-01 14:39:20 [SchedulerPlugin]-[INFO] [PathWatcher-Thread[D:\IDEA\weixin_guide (+28)]] (SchedulerPlugin.java:163) ->SchedulerPlugin is stopped 
2017-10-01 14:39:20 [com.alibaba.druid.pool.DruidDataSource]-[INFO] [PathWatcher-Thread[D:\IDEA\weixin_guide (+28)]] (DruidDataSource.java:1444) ->{dataSource-1} closed 
2017-10-01 14:39:22 [com.javen.weixin.controller.WeixinMsgController]-[ERROR] [PathWatcher-Thread[D:\IDEA\weixin_guide (+28)]] (APPConfig.java:164) ->jdbc:mysql://localhost:3306/weixin_guide?useUnicode=true&characterEncoding=utf-8 root root 
2017-10-01 14:39:23 [com.alibaba.druid.pool.DruidDataSource]-[INFO] [PathWatcher-Thread[D:\IDEA\weixin_guide (+28)]] (DruidDataSource.java:715) ->{dataSource-1} inited 
2017-10-01 14:39:23 [SchedulerPlugin]-[INFO] [PathWatcher-Thread[D:\IDEA\weixin_guide (+28)]] (SchedulerPlugin.java:213) ->--------load job: testJob successfully-------- 
2017-10-01 14:39:23 [SchedulerPlugin]-[INFO] [PathWatcher-Thread[D:\IDEA\weixin_guide (+28)]] (SchedulerPlugin.java:214) ->class: com.javen.scheduler.task.StockTask 
2017-10-01 14:39:23 [SchedulerPlugin]-[INFO] [PathWatcher-Thread[D:\IDEA\weixin_guide (+28)]] (SchedulerPlugin.java:215) ->type : cron 
2017-10-01 14:39:23 [SchedulerPlugin]-[INFO] [PathWatcher-Thread[D:\IDEA\weixin_guide (+28)]] (SchedulerPlugin.java:216) ->expr : 59 23 * * * 
2017-10-01 14:39:23 [SchedulerPlugin]-[INFO] [PathWatcher-Thread[D:\IDEA\weixin_guide (+28)]] (SchedulerPlugin.java:217) ->---------------- 
2017-10-01 14:39:23 [SchedulerPlugin]-[INFO] [PathWatcher-Thread[D:\IDEA\weixin_guide (+28)]] (SchedulerPlugin.java:155) ->SchedulerPlugin is started 
2017-10-01 15:12:09 [com.javen.controller.ConstellationController]-[ERROR] [qtp602830277-96] (ConstellationController.java:29) ->parameter:consName>>白羊座  consType>>>today 
2017-10-01 15:12:09 [com.javen.controller.ConstellationController]-[ERROR] [qtp602830277-96] (ConstellationController.java:30) ->Response result:Constellation [code=10001, reason=KEY ERROR!, date=null, weekDate=null, name=null, all=null, color=null, health=null, love=null, money=null, number=null, QFriend=null, summary=null, work=null, job=null, career=null, finance=null, weekHealth=null, weekJob=null, weekLove=null, weekFinance=null, weekWork=null, yearHealth=null, yearLove=null, yearFinance=null, luckyStone=null, info=null, text=null] 
2017-10-01 15:18:16 [com.javen.controller.AjaxController]-[INFO] [qtp602830277-18] (AjaxController.java:216) ->意见反馈 account:11111 contact:mobile ideaContext:1111发发发发发发阿发放发发发发发发 
2017-10-01 15:18:19 [com.javen.utils.EmailUtils]-[ERROR] [qtp602830277-18] (EmailUtils.java:140) ->535 Error: authentication failed
 
javax.mail.AuthenticationFailedException: 535 Error: authentication failed

	at com.sun.mail.smtp.SMTPTransport$Authenticator.authenticate(SMTPTransport.java:893)
	at com.sun.mail.smtp.SMTPTransport.authenticate(SMTPTransport.java:814)
	at com.sun.mail.smtp.SMTPTransport.protocolConnect(SMTPTransport.java:728)
	at javax.mail.Service.connect(Service.java:386)
	at javax.mail.Service.connect(Service.java:245)
	at javax.mail.Service.connect(Service.java:194)
	at javax.mail.Transport.send0(Transport.java:253)
	at javax.mail.Transport.send(Transport.java:124)
	at com.javen.utils.EmailUtils.send(EmailUtils.java:123)
	at com.javen.utils.EmailUtils.sendMail(EmailUtils.java:137)
	at com.javen.utils.WebUtils.sendMail(WebUtils.java:318)
	at com.javen.utils.WebUtils.sendIdeaMail(WebUtils.java:278)
	at com.javen.controller.AjaxController.idea(AjaxController.java:231)
	at sun.reflect.NativeMethodAccessorImpl.invoke0(Native Method)
	at sun.reflect.NativeMethodAccessorImpl.invoke(NativeMethodAccessorImpl.java:62)
	at sun.reflect.DelegatingMethodAccessorImpl.invoke(DelegatingMethodAccessorImpl.java:43)
	at java.lang.reflect.Method.invoke(Method.java:498)
	at com.jfinal.aop.Invocation.invoke(Invocation.java:73)
	at com.jfinal.validate.Validator.intercept(Validator.java:86)
	at com.jfinal.aop.Invocation.invoke(Invocation.java:67)
	at com.jfinal.core.ActionHandler.handle(ActionHandler.java:74)
	at com.jfinal.plugin.druid.DruidStatViewHandler.handle(DruidStatViewHandler.java:75)
	at com.jfinal.core.JFinalFilter.doFilter(JFinalFilter.java:73)
	at org.eclipse.jetty.servlet.ServletHandler$CachedChain.doFilter(ServletHandler.java:1676)
	at org.eclipse.jetty.servlet.ServletHandler.doHandle(ServletHandler.java:581)
	at org.eclipse.jetty.server.handler.ScopedHandler.handle(ScopedHandler.java:143)
	at org.eclipse.jetty.security.SecurityHandler.handle(SecurityHandler.java:548)
	at org.eclipse.jetty.server.session.SessionHandler.doHandle(SessionHandler.java:226)
	at org.eclipse.jetty.server.handler.ContextHandler.doHandle(ContextHandler.java:1180)
	at org.eclipse.jetty.servlet.ServletHandler.doScope(ServletHandler.java:511)
	at org.eclipse.jetty.server.session.SessionHandler.doScope(SessionHandler.java:185)
	at org.eclipse.jetty.server.handler.ContextHandler.doScope(ContextHandler.java:1112)
	at org.eclipse.jetty.server.handler.ScopedHandler.handle(ScopedHandler.java:141)
	at org.eclipse.jetty.server.handler.ContextHandlerCollection.handle(ContextHandlerCollection.java:213)
	at org.eclipse.jetty.server.handler.HandlerCollection.handle(HandlerCollection.java:119)
	at org.eclipse.jetty.server.handler.HandlerWrapper.handle(HandlerWrapper.java:134)
	at org.eclipse.jetty.server.Server.handle(Server.java:524)
	at org.eclipse.jetty.server.HttpChannel.handle(HttpChannel.java:319)
	at org.eclipse.jetty.server.HttpConnection.onFillable(HttpConnection.java:253)
	at org.eclipse.jetty.io.AbstractConnection$ReadCallback.succeeded(AbstractConnection.java:273)
	at org.eclipse.jetty.io.FillInterest.fillable(FillInterest.java:95)
	at org.eclipse.jetty.io.SelectChannelEndPoint$2.run(SelectChannelEndPoint.java:93)
	at org.eclipse.jetty.util.thread.strategy.ExecuteProduceConsume.executeProduceConsume(ExecuteProduceConsume.java:303)
	at org.eclipse.jetty.util.thread.strategy.ExecuteProduceConsume.produceConsume(ExecuteProduceConsume.java:148)
	at org.eclipse.jetty.util.thread.strategy.ExecuteProduceConsume.run(ExecuteProduceConsume.java:136)
	at org.eclipse.jetty.util.thread.QueuedThreadPool.runJob(QueuedThreadPool.java:671)
	at org.eclipse.jetty.util.thread.QueuedThreadPool$2.run(QueuedThreadPool.java:589)
	at java.lang.Thread.run(Thread.java:748)
